#-----------------------------------------------------------
# Vivado v2019.1 (64-bit)
# SW Build 2552052 on Fri May 24 14:49:42 MDT 2019
# IP Build 2548770 on Fri May 24 18:01:18 MDT 2019
# Start of session at: Fri May 14 11:24:29 2021
# Process ID: 16764
# Current directory: D:/Studies/Subjects/Semester 6/System on Programmable Chip Practice/Project Final
# Command line: vivado.exe -gui_launcher_event rodinguilauncherevent7808 D:\Studies\Subjects\Semester 6\System on Programmable Chip Practice\Project Final\UART_Controller.xpr
# Log file: D:/Studies/Subjects/Semester 6/System on Programmable Chip Practice/Project Final/vivado.log
# Journal file: D:/Studies/Subjects/Semester 6/System on Programmable Chip Practice/Project Final\vivado.jou
#-----------------------------------------------------------
start_gui
open_project {D:/Studies/Subjects/Semester 6/System on Programmable Chip Practice/Project Final/UART_Controller.xpr}
INFO: [ProjectBase 1-489] The host OS only allows 260 characters in a normal path. The project is stored in a path with more than 80 characters. If you experience issues with IP, Block Designs, or files not being found, please consider moving the project to a location with a shorter path. Alternately consider using the OS subst command to map part of the path to a drive letter.
Current project path is 'D:/Studies/Subjects/Semester 6/System on Programmable Chip Practice/Project Final'
Scanning sources...
Finished scanning sources
INFO: [IP_Flow 19-234] Refreshing IP repositories
INFO: [IP_Flow 19-1704] No user IP repositories specified
INFO: [IP_Flow 19-2313] Loaded Vivado IP repository 'C:/Vivado/2019.1/data/ip'.
open_project: Time (s): cpu = 00:00:33 ; elapsed = 00:00:30 . Memory (MB): peak = 642.527 ; gain = 42.387
exit
INFO: [Common 17-206] Exiting Vivado at Fri May 14 11:31:27 2021...
